2025-12-03 18:10:12 [main] WARN  TestNGContentHandler - It is strongly recommended to add "<!DOCTYPE suite SYSTEM "https://testng.org/testng-1.1.dtd" >" at the top of the suite file [G:\automation\freamework2025\AutomationFramework2025\testng.xml] otherwise TestNG may fail or not work as expected.
2025-12-03 18:10:12 [main] INFO  Utils - [TestNG] Running:
  G:\automation\freamework2025\AutomationFramework2025\testng.xml

2025-12-03 18:10:12 [main] INFO  Log - Starting WebDriver ...
2025-12-03 18:10:13 [main] INFO  Log - redirect to URL page ...
2025-12-03 18:10:14 [main] INFO  Log - starting login test....
2025-12-03 18:10:14 [main] INFO  Log - adding credentials ...
2025-12-03 18:10:14 [main] INFO  Log - entering username..admin@yourstore.com
2025-12-03 18:10:15 [main] INFO  Log - entering password..admin
2025-12-03 18:10:15 [main] INFO  Log - Clicking login button..
2025-12-03 18:10:15 [main] INFO  Log - verifying page title ...
2025-12-03 18:10:15 [main] ERROR Log - its not working page title
2025-12-03 18:10:15 [main] WARN  Log - its warning
2025-12-03 18:10:15 [main] INFO  Log - closing WebDriver ...
2025-12-03 18:14:59 [main] WARN  TestNGContentHandler - It is strongly recommended to add "<!DOCTYPE suite SYSTEM "https://testng.org/testng-1.1.dtd" >" at the top of the suite file [G:\automation\freamework2025\AutomationFramework2025\testng.xml] otherwise TestNG may fail or not work as expected.
2025-12-03 18:14:59 [main] INFO  Utils - [TestNG] Running:
  G:\automation\freamework2025\AutomationFramework2025\testng.xml

2025-12-03 18:14:59 [main] INFO  Log - Starting WebDriver ...
2025-12-03 18:15:00 [main] INFO  Log - redirect to URL page ...
2025-12-03 18:15:01 [main] INFO  Log - starting login test....
2025-12-03 18:15:01 [main] INFO  Log - adding credentials ...
2025-12-03 18:15:01 [main] INFO  Log - entering username..admin@yourstore.com
2025-12-03 18:15:01 [main] INFO  Log - entering password..admin
2025-12-03 18:15:01 [main] INFO  Log - Clicking login button..
2025-12-03 18:15:02 [main] INFO  Log - verifying page title ...
2025-12-03 18:15:02 [main] INFO  Log - ✔ Test PASSED: Title matched
2025-12-03 18:15:02 [main] INFO  Log - closing WebDriver ...
